Flow report for DebugDemo
Fri May 10 10:10:46 2024
Quartus Prime Version 22.1std.2 Build 922 07/20/2023 SC Lite Edition


---------------------
; Table of Contents ;
---------------------
  1. Legal Notice
  2. Flow Summary
  3. Flow Settings
  4. Flow Non-Default Global Settings
  5. Flow Elapsed Time
  6. Flow OS Summary
  7. Flow Log
  8. Flow Messages
  9. Flow Suppressed Messages



----------------
; Legal Notice ;
----------------
Copyright (C) 2023  Intel Corporation. All rights reserved.
Your use of Intel Corporation's design tools, logic functions 
and other software and tools, and any partner logic 
functions, and any output files from any of the foregoing 
(including device programming or simulation files), and any 
associated documentation or information are expressly subject 
to the terms and conditions of the Intel Program License 
Subscription Agreement, the Intel Quartus Prime License Agreement,
the Intel FPGA IP License Agreement, or other applicable license
agreement, including, without limitation, that your use is for
the sole purpose of programming logic devices manufactured by
Intel and sold by Intel or its authorized distributors.  Please
refer to the applicable agreement for further details, at
https://fpgasoftware.intel.com/eula.



+-------------------------------------------------------------------------------------+
; Flow Summary                                                                        ;
+------------------------------------+------------------------------------------------+
; Flow Status                        ; Successful - Fri May 10 10:10:46 2024          ;
; Quartus Prime Version              ; 22.1std.2 Build 922 07/20/2023 SC Lite Edition ;
; Revision Name                      ; DebugDemo                                      ;
; Top-level Entity Name              ; DebugDemo                                      ;
; Family                             ; Cyclone IV E                                   ;
; Device                             ; EP4CE115F29C7                                  ;
; Timing Models                      ; Final                                          ;
; Total logic elements               ; 31 / 114,480 ( < 1 % )                         ;
;     Total combinational functions  ; 31 / 114,480 ( < 1 % )                         ;
;     Dedicated logic registers      ; 30 / 114,480 ( < 1 % )                         ;
; Total registers                    ; 30                                             ;
; Total pins                         ; 90 / 529 ( 17 % )                              ;
; Total virtual pins                 ; 0                                              ;
; Total memory bits                  ; 0 / 3,981,312 ( 0 % )                          ;
; Embedded Multiplier 9-bit elements ; 0 / 532 ( 0 % )                                ;
; Total PLLs                         ; 0 / 4 ( 0 % )                                  ;
+------------------------------------+------------------------------------------------+


+-----------------------------------------+
; Flow Settings                           ;
+-------------------+---------------------+
; Option            ; Setting             ;
+-------------------+---------------------+
; Start date & time ; 05/10/2024 10:10:03 ;
; Main task         ; Compilation         ;
; Revision Name     ; DebugDemo           ;
+-------------------+---------------------+


+------------------------------------------------------------------------------------------------------------------------------------------------+
; Flow Non-Default Global Settings                                                                                                               ;
+-------------------------------------+----------------------------------------+---------------+-------------+-----------------------------------+
; Assignment Name                     ; Value                                  ; Default Value ; Entity Name ; Section Id                        ;
+-------------------------------------+----------------------------------------+---------------+-------------+-----------------------------------+
; COMPILER_SIGNATURE_ID               ; 277083306290105.171533220305368        ; --            ; --          ; --                                ;
; EDA_GENERATE_FUNCTIONAL_NETLIST     ; Off                                    ; --            ; --          ; eda_board_design_timing           ;
; EDA_GENERATE_FUNCTIONAL_NETLIST     ; Off                                    ; --            ; --          ; eda_board_design_boundary_scan    ;
; EDA_GENERATE_FUNCTIONAL_NETLIST     ; Off                                    ; --            ; --          ; eda_board_design_signal_integrity ;
; EDA_GENERATE_FUNCTIONAL_NETLIST     ; Off                                    ; --            ; --          ; eda_board_design_symbol           ;
; EDA_OUTPUT_DATA_FORMAT              ; Vhdl                                   ; --            ; --          ; eda_simulation                    ;
; EDA_SIMULATION_TOOL                 ; ModelSim (VHDL)                        ; <None>        ; --          ; --                                ;
; EDA_TIME_SCALE                      ; 1 ps                                   ; --            ; --          ; eda_simulation                    ;
; MAX_CORE_JUNCTION_TEMP              ; 85                                     ; --            ; --          ; --                                ;
; MIN_CORE_JUNCTION_TEMP              ; 0                                      ; --            ; --          ; --                                ;
; NOMINAL_CORE_SUPPLY_VOLTAGE         ; 1.2V                                   ; --            ; --          ; --                                ;
; PARTITION_COLOR                     ; -- (Not supported for targeted family) ; --            ; --          ; Top                               ;
; PARTITION_FITTER_PRESERVATION_LEVEL ; -- (Not supported for targeted family) ; --            ; --          ; Top                               ;
; PARTITION_NETLIST_TYPE              ; -- (Not supported for targeted family) ; --            ; --          ; Top                               ;
; PROJECT_OUTPUT_DIRECTORY            ; output_files                           ; --            ; --          ; --                                ;
+-------------------------------------+----------------------------------------+---------------+-------------+-----------------------------------+


+--------------------------------------------------------------------------------------------------------------------------+
; Flow Elapsed Time                                                                                                        ;
+----------------------+--------------+-------------------------+---------------------+------------------------------------+
; Module Name          ; Elapsed Time ; Average Processors Used ; Peak Virtual Memory ; Total CPU Time (on all processors) ;
+----------------------+--------------+-------------------------+---------------------+------------------------------------+
; Analysis & Synthesis ; 00:00:10     ; 1.0                     ; 463 MB              ; 00:00:23                           ;
; Fitter               ; 00:00:22     ; 1.0                     ; 1288 MB             ; 00:00:39                           ;
; Assembler            ; 00:00:03     ; 1.0                     ; 363 MB              ; 00:00:03                           ;
; Timing Analyzer      ; 00:00:02     ; 1.0                     ; 561 MB              ; 00:00:02                           ;
; EDA Netlist Writer   ; 00:00:01     ; 1.0                     ; 600 MB              ; 00:00:01                           ;
; Total                ; 00:00:38     ; --                      ; --                  ; 00:01:08                           ;
+----------------------+--------------+-------------------------+---------------------+------------------------------------+


+-----------------------------------------------------------------------------------------------------------------+
; Flow OS Summary                                                                                                 ;
+----------------------+-------------------------------------------+----------------+------------+----------------+
; Module Name          ; Machine Hostname                          ; OS Name        ; OS Version ; Processor type ;
+----------------------+-------------------------------------------+----------------+------------+----------------+
; Analysis & Synthesis ; tiago-HP-Pavilion-Gaming-Laptop-15-cx0xxx ; Ubuntu 22.04.4 ; 22         ; x86_64         ;
; Fitter               ; tiago-HP-Pavilion-Gaming-Laptop-15-cx0xxx ; Ubuntu 22.04.4 ; 22         ; x86_64         ;
; Assembler            ; tiago-HP-Pavilion-Gaming-Laptop-15-cx0xxx ; Ubuntu 22.04.4 ; 22         ; x86_64         ;
; Timing Analyzer      ; tiago-HP-Pavilion-Gaming-Laptop-15-cx0xxx ; Ubuntu 22.04.4 ; 22         ; x86_64         ;
; EDA Netlist Writer   ; tiago-HP-Pavilion-Gaming-Laptop-15-cx0xxx ; Ubuntu 22.04.4 ; 22         ; x86_64         ;
+----------------------+-------------------------------------------+----------------+------------+----------------+


------------
; Flow Log ;
------------
quartus_map --read_settings_files=on --write_settings_files=off DebugDemo -c DebugDemo
quartus_fit --read_settings_files=off --write_settings_files=off DebugDemo -c DebugDemo
quartus_asm --read_settings_files=off --write_settings_files=off DebugDemo -c DebugDemo
quartus_sta DebugDemo -c DebugDemo
quartus_eda --read_settings_files=off --write_settings_files=off DebugDemo -c DebugDemo



