Info: Start Nativelink Simulation process
Info: NativeLink has detected VHDL design -- VHDL simulation models will be used

========= EDA Simulation Settings =====================

Sim Mode              :  RTL
Family                :  cycloneive
Quartus root          :  /home/tiago/.intel_fpga_lite/22.1.2/quartus/linux64/
Quartus sim root      :  /home/tiago/.intel_fpga_lite/22.1.2/quartus/eda/sim_lib
Simulation Tool       :  modelsim
Simulation Language   :  vhdl
Version               :  93
Simulation Mode       :  GUI
Sim Output File       :  
Sim SDF file          :  
Sim dir               :  simulation/modelsim

=======================================================

Info: Starting NativeLink simulation with ModelSim software
Sourced NativeLink script /home/tiago/.intel_fpga_lite/22.1.2/quartus/common/tcl/internal/nativelink/modelsim.tcl
Warning: File Dec2_4En_run_msim_rtl_vhdl.do already exists - backing up current file as Dec2_4En_run_msim_rtl_vhdl.do.bak
Info: Spawning ModelSim Simulation software 
Info: NativeLink simulation flow was successful
